0 verbose cli /data/data/com.termux/files/usr/bin/node /data/data/com.termux/files/usr/bin/npm
1 info using npm@10.9.2
2 info using node@v23.11.0
3 silly config load:file:/data/data/com.termux/files/usr/lib/node_modules/npm/npmrc
4 silly config load:file:/data/data/com.termux/files/home/.npmrc
5 silly config load:file:/data/data/com.termux/files/usr/etc/npmrc
6 verbose title npm install vercel
7 verbose argv "install" "--global" "vercel"
8 verbose logfile logs-max:10 dir:/data/data/com.termux/files/home/.npm/_logs/2025-05-15T07_52_20_048Z-
9 verbose logfile /data/data/com.termux/files/home/.npm/_logs/2025-05-15T07_52_20_048Z-debug-0.log
10 silly packumentCache heap:513802240 maxSize:128450560 maxEntrySize:64225280
11 silly logfile start cleaning logs, removing 1 files
12 silly logfile done cleaning log files
13 silly idealTree buildDeps
14 silly fetch manifest vercel@*
15 silly packumentCache full:https://registry.npmjs.org/vercel cache-miss
16 silly placeDep ROOT vercel@ OK for:  want: *
17 verbose type system
18 verbose stack FetchError: Invalid response body while trying to fetch https://registry.npmjs.org/vercel: read ECONNABORTED
18 verbose stack     at /data/data/com.termux/files/usr/lib/node_modules/npm/node_modules/minipass-fetch/lib/body.js:170:15
18 verbose stack     at process.processTicksAndRejections (node:internal/process/task_queues:105:5)
18 verbose stack     at async Response.json (/data/data/com.termux/files/usr/lib/node_modules/npm/node_modules/minipass-fetch/lib/body.js:75:17)
18 verbose stack     at async RegistryFetcher.packument (/data/data/com.termux/files/usr/lib/node_modules/npm/node_modules/pacote/lib/registry.js:98:25)
18 verbose stack     at async RegistryFetcher.manifest (/data/data/com.termux/files/usr/lib/node_modules/npm/node_modules/pacote/lib/registry.js:128:23)
18 verbose stack     at async #fetchManifest (/data/data/com.termux/files/usr/lib/node_modules/npm/node_modules/@npmcli/arborist/lib/arborist/build-ideal-tree.js:1202:20)
18 verbose stack     at async #nodeFromEdge (/data/data/com.termux/files/usr/lib/node_modules/npm/node_modules/@npmcli/arborist/lib/arborist/build-ideal-tree.js:1040:19)
18 verbose stack     at async #buildDepStep (/data/data/com.termux/files/usr/lib/node_modules/npm/node_modules/@npmcli/arborist/lib/arborist/build-ideal-tree.js:904:11)
18 verbose stack     at async Arborist.buildIdealTree (/data/data/com.termux/files/usr/lib/node_modules/npm/node_modules/@npmcli/arborist/lib/arborist/build-ideal-tree.js:181:7)
18 verbose stack     at async Arborist.reify (/data/data/com.termux/files/usr/lib/node_modules/npm/node_modules/@npmcli/arborist/lib/arborist/reify.js:131:5)
19 error code ECONNABORTED
20 error syscall read
21 error errno ECONNABORTED
22 error Invalid response body while trying to fetch https://registry.npmjs.org/vercel: read ECONNABORTED
23 silly unfinished npm timer reify 1747295556110
24 silly unfinished npm timer reify:loadTrees 1747295556221
25 verbose cwd /storage/emulated/0/documents/iyf/Final_Project
26 verbose os Linux 5.4.210
27 verbose node v23.11.0
28 verbose npm  v10.9.2
29 verbose exit 1
30 verbose code 1
31 error A complete log of this run can be found in: /data/data/com.termux/files/home/.npm/_logs/2025-05-15T07_52_20_048Z-debug-0.log
